<?xml version="1.0" encoding="UTF-8"?>
<!-- Generated by org.testng.reporters.JUnitReportReporter -->
<testsuite skipped="0" hostname="AIPL6461LT14031" name="com.assignment.restassured.UiBank.LoginUiBank" tests="1" failures="0" timestamp="2022-02-18T17:04:50 IST" time="3.550" errors="0">
  <testcase name="login" time="3.550" classname="com.assignment.restassured.UiBank.LoginUiBank"/>
  <system-out/>
</testsuite> <!-- com.assignment.restassured.UiBank.LoginUiBank -->
