<?xml version="1.0" encoding="UTF-8"?>
<!-- Generated by org.testng.reporters.JUnitReportReporter -->
<testsuite skipped="0" hostname="AIPL6461LT14031" name="com.assignment.restassured.UiBank.AccountDetails" tests="1" failures="0" timestamp="2022-02-18T17:04:50 IST" time="0.968" errors="0">
  <testcase name="accounts" time="0.968" classname="com.assignment.restassured.UiBank.AccountDetails"/>
  <system-out/>
</testsuite> <!-- com.assignment.restassured.UiBank.AccountDetails -->
