<?xml version="1.0" encoding="UTF-8"?>
<!-- Generated by org.testng.reporters.JUnitReportReporter -->
<testsuite skipped="0" hostname="AIPL6461LT14031" name="com.assignment.restassured.UiBank.ProfileDetails" tests="1" failures="0" timestamp="2022-02-18T17:04:50 IST" time="0.935" errors="0">
  <testcase name="getProfileDetails" time="0.935" classname="com.assignment.restassured.UiBank.ProfileDetails"/>
  <system-out/>
</testsuite> <!-- com.assignment.restassured.UiBank.ProfileDetails -->
