<?xml version="1.0" encoding="UTF-8"?>
<!-- Generated by org.testng.reporters.JUnitReportReporter -->
<testsuite skipped="0" hostname="AIPL6461LT14031" name="com.assignment.restassured.UiBank.demoTest" tests="1" failures="0" timestamp="2022-02-18T12:43:53 IST" time="0.006" errors="0">
  <testcase name="demo" time="0.006" classname="com.assignment.restassured.UiBank.demoTest"/>
  <system-out/>
</testsuite> <!-- com.assignment.restassured.UiBank.demoTest -->
